<?xml version="1.0" encoding="UTF-8" ?>
<testsuite failures="0" time="1.196" errors="0" skipped="0" tests="5" name="com.letv.ci.test.DataWebServiceTestCase">
  <properties>
    <property name="java.runtime.name" value="Java(TM) SE Runtime Environment"/>
    <property name="sun.boot.library.path" value="D:\Java\jdk1.7.0_51\jre\bin"/>
    <property name="java.vm.version" value="24.51-b03"/>
    <property name="java.vm.vendor" value="Oracle Corporation"/>
    <property name="java.vendor.url" value="http://java.oracle.com/"/>
    <property name="path.separator" value=";"/>
    <property name="java.vm.name" value="Java HotSpot(TM) 64-Bit Server VM"/>
    <property name="file.encoding.pkg" value="sun.io"/>
    <property name="user.script" value=""/>
    <property name="user.country" value="CN"/>
    <property name="sun.java.launcher" value="SUN_STANDARD"/>
    <property name="sun.os.patch.level" value="Service Pack 1"/>
    <property name="java.vm.specification.name" value="Java Virtual Machine Specification"/>
    <property name="user.dir" value="D:\git\o2omall-master\ci-demo-web"/>
    <property name="java.runtime.version" value="1.7.0_51-b13"/>
    <property name="java.awt.graphicsenv" value="sun.awt.Win32GraphicsEnvironment"/>
    <property name="basedir" value="D:\git\o2omall-master\ci-demo-web"/>
    <property name="java.endorsed.dirs" value="D:\Java\jdk1.7.0_51\jre\lib\endorsed"/>
    <property name="os.arch" value="amd64"/>
    <property name="surefire.real.class.path" value="C:\Users\LIJIAN~1\AppData\Local\Temp\surefirebooter3276158158097278526.jar"/>
    <property name="java.io.tmpdir" value="C:\Users\LIJIAN~1\AppData\Local\Temp\"/>
    <property name="line.separator" value="
"/>
    <property name="java.vm.specification.vendor" value="Oracle Corporation"/>
    <property name="user.variant" value=""/>
    <property name="os.name" value="Windows 7"/>
    <property name="sun.jnu.encoding" value="GBK"/>
    <property name="java.library.path" value="D:\Java\jdk1.7.0_51\jre\bin;C:\Windows\Sun\Java\bin;C:\Windows\system32;C:\Windows;C:\Program Files (x86)\Common Files\NetSarang;D:\Java\jdk1.7.0_51\bin;D:\Java\apache-maven-3.2.1\bin;D:\Java\Subversion\bin;C:\Windows\system32;C:\Windows;C:\Windows\System32\Wbem;C:\Windows\System32\WindowsPowerShell\v1.0\;C:\Program Files\Intel\WiFi\bin\;C:\Program Files\Common Files\Intel\WirelessCommon\;C:\Program Files (x86)\Intel\OpenCL SDK\2.0\bin\x86;C:\Program Files (x86)\Intel\OpenCL SDK\2.0\bin\x64;C:\Program Files\TortoiseSVN\bin;C:\Program Files (x86)\MySQL\MySQL Server 5.1\bin;C:\Program Files (x86)\VisualSVN Server\bin;C:\Program Files\TortoiseGit\bin;C:\Program Files\Intel\WiFi\bin\;C:\Program Files\Common Files\Intel\WirelessCommon\;."/>
    <property name="surefire.test.class.path" value="D:\git\o2omall-master\ci-demo-web\target\test-classes;D:\git\o2omall-master\ci-demo-web\target\classes;D:\git\o2omall-master\ci-demo-core\target\ci-demo-core-1.0.0.0-SNAPSHOT.jar;D:\Java\.m2\repository\org\springframework\spring-core\3.1.0.RELEASE\spring-core-3.1.0.RELEASE.jar;D:\Java\.m2\repository\org\springframework\spring-context\3.1.0.RELEASE\spring-context-3.1.0.RELEASE.jar;D:\Java\.m2\repository\org\springframework\spring-aop\3.1.0.RELEASE\spring-aop-3.1.0.RELEASE.jar;D:\Java\.m2\repository\org\springframework\spring-orm\3.1.0.RELEASE\spring-orm-3.1.0.RELEASE.jar;D:\Java\.m2\repository\org\springframework\spring-jdbc\3.1.0.RELEASE\spring-jdbc-3.1.0.RELEASE.jar;D:\Java\.m2\repository\org\springframework\spring-tx\3.1.0.RELEASE\spring-tx-3.1.0.RELEASE.jar;D:\Java\.m2\repository\org\codehaus\jackson\jackson-jaxrs\1.9.3\jackson-jaxrs-1.9.3.jar;D:\Java\.m2\repository\org\codehaus\jackson\jackson-smile\1.9.13\jackson-smile-1.9.13.jar;D:\Java\.m2\repository\org\codehaus\jackson\jackson-core-asl\1.9.13\jackson-core-asl-1.9.13.jar;D:\Java\.m2\repository\org\codehaus\jackson\jackson-mapper-asl\1.9.13\jackson-mapper-asl-1.9.13.jar;D:\Java\.m2\repository\commons-lang\commons-lang\2.5\commons-lang-2.5.jar;D:\Java\.m2\repository\commons-beanutils\commons-beanutils\1.8.3\commons-beanutils-1.8.3.jar;D:\Java\.m2\repository\org\mybatis\mybatis\3.2.1\mybatis-3.2.1.jar;D:\Java\.m2\repository\org\mybatis\mybatis-spring\1.1.1\mybatis-spring-1.1.1.jar;D:\Java\.m2\repository\org\aspectj\aspectjrt\1.6.11\aspectjrt-1.6.11.jar;D:\Java\.m2\repository\org\aspectj\aspectjweaver\1.6.9\aspectjweaver-1.6.9.jar;D:\Java\.m2\repository\commons-jexl\commons-jexl\1.1\commons-jexl-1.1.jar;D:\Java\.m2\repository\cglib\cglib-nodep\2.1_3\cglib-nodep-2.1_3.jar;D:\Java\.m2\repository\org\springframework\spring-aspects\3.1.0.RELEASE\spring-aspects-3.1.0.RELEASE.jar;D:\Java\.m2\repository\org\springframework\spring-beans\3.1.0.RELEASE\spring-beans-3.1.0.RELEASE.jar;D:\Java\.m2\repository\org\springframework\spring-context-support\3.1.0.RELEASE\spring-context-support-3.1.0.RELEASE.jar;D:\Java\.m2\repository\org\springframework\spring-web\3.1.0.RELEASE\spring-web-3.1.0.RELEASE.jar;D:\Java\.m2\repository\aopalliance\aopalliance\1.0\aopalliance-1.0.jar;D:\Java\.m2\repository\org\springframework\spring-webmvc\3.1.0.RELEASE\spring-webmvc-3.1.0.RELEASE.jar;D:\Java\.m2\repository\org\springframework\spring-asm\3.1.0.RELEASE\spring-asm-3.1.0.RELEASE.jar;D:\Java\.m2\repository\org\springframework\spring-expression\3.1.0.RELEASE\spring-expression-3.1.0.RELEASE.jar;D:\Java\.m2\repository\org\springframework\spring-test\3.1.0.RELEASE\spring-test-3.1.0.RELEASE.jar;D:\Java\.m2\repository\junit\junit\4.5\junit-4.5.jar;D:\Java\.m2\repository\jstl\jstl\1.2\jstl-1.2.jar;D:\Java\.m2\repository\org\apache\commons\commons-lang3\3.1\commons-lang3-3.1.jar;D:\Java\.m2\repository\javassist\javassist\3.8.0.GA\javassist-3.8.0.GA.jar;D:\Java\.m2\repository\javax\servlet\servlet-api\2.4\servlet-api-2.4.jar;D:\Java\.m2\repository\javax\servlet\jsp-api\2.0\jsp-api-2.0.jar;D:\Java\.m2\repository\org\apache\cxf\cxf-rt-frontend-jaxws\2.2.4\cxf-rt-frontend-jaxws-2.2.4.jar;D:\Java\.m2\repository\xml-resolver\xml-resolver\1.2\xml-resolver-1.2.jar;D:\Java\.m2\repository\org\apache\geronimo\specs\geronimo-jaxws_2.1_spec\1.0\geronimo-jaxws_2.1_spec-1.0.jar;D:\Java\.m2\repository\org\apache\geronimo\specs\geronimo-ws-metadata_2.0_spec\1.1.2\geronimo-ws-metadata_2.0_spec-1.1.2.jar;D:\Java\.m2\repository\asm\asm\2.2.3\asm-2.2.3.jar;D:\Java\.m2\repository\org\apache\cxf\cxf-api\2.2.4\cxf-api-2.2.4.jar;D:\Java\.m2\repository\org\codehaus\woodstox\wstx-asl\3.2.8\wstx-asl-3.2.8.jar;D:\Java\.m2\repository\org\apache\neethi\neethi\2.0.4\neethi-2.0.4.jar;D:\Java\.m2\repository\org\apache\cxf\cxf-common-schemas\2.2.4\cxf-common-schemas-2.2.4.jar;D:\Java\.m2\repository\org\apache\cxf\cxf-rt-core\2.2.4\cxf-rt-core-2.2.4.jar;D:\Java\.m2\repository\com\sun\xml\bind\jaxb-impl\2.1.12\jaxb-impl-2.1.12.jar;D:\Java\.m2\repository\org\apache\geronimo\specs\geronimo-javamail_1.4_spec\1.6\geronimo-javamail_1.4_spec-1.6.jar;D:\Java\.m2\repository\org\apache\cxf\cxf-rt-bindings-soap\2.2.4\cxf-rt-bindings-soap-2.2.4.jar;D:\Java\.m2\repository\org\apache\cxf\cxf-tools-common\2.2.4\cxf-tools-common-2.2.4.jar;D:\Java\.m2\repository\org\apache\cxf\cxf-rt-databinding-jaxb\2.2.4\cxf-rt-databinding-jaxb-2.2.4.jar;D:\Java\.m2\repository\org\apache\cxf\cxf-rt-bindings-xml\2.2.4\cxf-rt-bindings-xml-2.2.4.jar;D:\Java\.m2\repository\org\apache\cxf\cxf-rt-frontend-simple\2.2.4\cxf-rt-frontend-simple-2.2.4.jar;D:\Java\.m2\repository\javax\xml\soap\saaj-api\1.3\saaj-api-1.3.jar;D:\Java\.m2\repository\com\sun\xml\messaging\saaj\saaj-impl\1.3.2\saaj-impl-1.3.2.jar;D:\Java\.m2\repository\org\apache\cxf\cxf-rt-transports-http\2.2.4\cxf-rt-transports-http-2.2.4.jar;D:\Java\.m2\repository\org\apache\cxf\cxf-rt-ws-rm\2.2.4\cxf-rt-ws-rm-2.2.4.jar;D:\Java\.m2\repository\org\apache\cxf\cxf-rt-ws-security\2.2.4\cxf-rt-ws-security-2.2.4.jar;D:\Java\.m2\repository\org\apache\ws\security\wss4j\1.5.8\wss4j-1.5.8.jar;D:\Java\.m2\repository\org\apache\santuario\xmlsec\1.4.3\xmlsec-1.4.3.jar;D:\Java\.m2\repository\commons-logging\commons-logging\1.1.1\commons-logging-1.1.1.jar;D:\Java\.m2\repository\xalan\xalan\2.7.1\xalan-2.7.1.jar;D:\Java\.m2\repository\xalan\serializer\2.7.1\serializer-2.7.1.jar;D:\Java\.m2\repository\org\bouncycastle\bcprov-jdk15\1.43\bcprov-jdk15-1.43.jar;D:\Java\.m2\repository\org\apache\cxf\cxf-rt-ws-addr\2.2.4\cxf-rt-ws-addr-2.2.4.jar;D:\Java\.m2\repository\org\apache\geronimo\specs\geronimo-activation_1.1_spec\1.0.2\geronimo-activation_1.1_spec-1.0.2.jar;D:\Java\.m2\repository\org\apache\cxf\cxf-rt-ws-policy\2.2.4\cxf-rt-ws-policy-2.2.4.jar;D:\Java\.m2\repository\org\apache\geronimo\specs\geronimo-annotation_1.0_spec\1.1.1\geronimo-annotation_1.0_spec-1.1.1.jar;D:\Java\.m2\repository\org\apache\cxf\cxf-common-utilities\2.2.4\cxf-common-utilities-2.2.4.jar;D:\Java\.m2\repository\javax\xml\bind\jaxb-api\2.1\jaxb-api-2.1.jar;D:\Java\.m2\repository\org\apache\geronimo\specs\geronimo-stax-api_1.0_spec\1.0.1\geronimo-stax-api_1.0_spec-1.0.1.jar;D:\Java\.m2\repository\wsdl4j\wsdl4j\1.6.2\wsdl4j-1.6.2.jar;D:\Java\.m2\repository\org\apache\ws\commons\schema\XmlSchema\1.4.5\XmlSchema-1.4.5.jar;D:\Java\.m2\repository\commons-fileupload\commons-fileupload\1.3.1\commons-fileupload-1.3.1.jar;D:\Java\.m2\repository\commons-io\commons-io\2.2\commons-io-2.2.jar;D:\Java\.m2\repository\org\apache\velocity\velocity-tools\2.0\velocity-tools-2.0.jar;D:\Java\.m2\repository\commons-digester\commons-digester\1.8\commons-digester-1.8.jar;D:\Java\.m2\repository\commons-chain\commons-chain\1.1\commons-chain-1.1.jar;D:\Java\.m2\repository\commons-collections\commons-collections\3.2\commons-collections-3.2.jar;D:\Java\.m2\repository\commons-validator\commons-validator\1.3.1\commons-validator-1.3.1.jar;D:\Java\.m2\repository\dom4j\dom4j\1.1\dom4j-1.1.jar;D:\Java\.m2\repository\oro\oro\2.0.8\oro-2.0.8.jar;D:\Java\.m2\repository\sslext\sslext\1.2-0\sslext-1.2-0.jar;D:\Java\.m2\repository\org\apache\struts\struts-core\1.3.8\struts-core-1.3.8.jar;D:\Java\.m2\repository\antlr\antlr\2.7.2\antlr-2.7.2.jar;D:\Java\.m2\repository\org\apache\struts\struts-taglib\1.3.8\struts-taglib-1.3.8.jar;D:\Java\.m2\repository\org\apache\struts\struts-tiles\1.3.8\struts-tiles-1.3.8.jar;D:\Java\.m2\repository\org\apache\velocity\velocity\1.7\velocity-1.7.jar;D:\Java\.m2\repository\org\apache\shiro\shiro-core\1.2.2\shiro-core-1.2.2.jar;D:\Java\.m2\repository\org\slf4j\slf4j-api\1.6.4\slf4j-api-1.6.4.jar;D:\Java\.m2\repository\org\apache\shiro\shiro-web\1.2.2\shiro-web-1.2.2.jar;D:\Java\.m2\repository\org\apache\shiro\shiro-aspectj\1.2.2\shiro-aspectj-1.2.2.jar;D:\Java\.m2\repository\org\apache\shiro\shiro-cas\1.2.2\shiro-cas-1.2.2.jar;D:\Java\.m2\repository\org\jasig\cas\client\cas-client-core\3.2.1\cas-client-core-3.2.1.jar;D:\Java\.m2\repository\org\apache\shiro\shiro-guice\1.2.2\shiro-guice-1.2.2.jar;D:\Java\.m2\repository\com\google\guava\guava\r09\guava-r09.jar;D:\Java\.m2\repository\com\google\inject\guice\3.0\guice-3.0.jar;D:\Java\.m2\repository\javax\inject\javax.inject\1\javax.inject-1.jar;D:\Java\.m2\repository\com\google\inject\extensions\guice-multibindings\3.0\guice-multibindings-3.0.jar;D:\Java\.m2\repository\org\apache\shiro\shiro-spring\1.2.2\shiro-spring-1.2.2.jar;D:\Java\.m2\repository\log4j\log4j\1.2.17\log4j-1.2.17.jar;"/>
    <property name="java.specification.name" value="Java Platform API Specification"/>
    <property name="java.class.version" value="51.0"/>
    <property name="sun.management.compiler" value="HotSpot 64-Bit Tiered Compilers"/>
    <property name="os.version" value="6.1"/>
    <property name="user.home" value="C:\Users\lijianzhong"/>
    <property name="user.timezone" value="Asia/Shanghai"/>
    <property name="java.awt.printerjob" value="sun.awt.windows.WPrinterJob"/>
    <property name="java.specification.version" value="1.7"/>
    <property name="file.encoding" value="GBK"/>
    <property name="user.name" value="lijianzhong"/>
    <property name="java.class.path" value="D:\git\o2omall-master\ci-demo-web\target\test-classes;D:\git\o2omall-master\ci-demo-web\target\classes;D:\git\o2omall-master\ci-demo-core\target\ci-demo-core-1.0.0.0-SNAPSHOT.jar;D:\Java\.m2\repository\org\springframework\spring-core\3.1.0.RELEASE\spring-core-3.1.0.RELEASE.jar;D:\Java\.m2\repository\org\springframework\spring-context\3.1.0.RELEASE\spring-context-3.1.0.RELEASE.jar;D:\Java\.m2\repository\org\springframework\spring-aop\3.1.0.RELEASE\spring-aop-3.1.0.RELEASE.jar;D:\Java\.m2\repository\org\springframework\spring-orm\3.1.0.RELEASE\spring-orm-3.1.0.RELEASE.jar;D:\Java\.m2\repository\org\springframework\spring-jdbc\3.1.0.RELEASE\spring-jdbc-3.1.0.RELEASE.jar;D:\Java\.m2\repository\org\springframework\spring-tx\3.1.0.RELEASE\spring-tx-3.1.0.RELEASE.jar;D:\Java\.m2\repository\org\codehaus\jackson\jackson-jaxrs\1.9.3\jackson-jaxrs-1.9.3.jar;D:\Java\.m2\repository\org\codehaus\jackson\jackson-smile\1.9.13\jackson-smile-1.9.13.jar;D:\Java\.m2\repository\org\codehaus\jackson\jackson-core-asl\1.9.13\jackson-core-asl-1.9.13.jar;D:\Java\.m2\repository\org\codehaus\jackson\jackson-mapper-asl\1.9.13\jackson-mapper-asl-1.9.13.jar;D:\Java\.m2\repository\commons-lang\commons-lang\2.5\commons-lang-2.5.jar;D:\Java\.m2\repository\commons-beanutils\commons-beanutils\1.8.3\commons-beanutils-1.8.3.jar;D:\Java\.m2\repository\org\mybatis\mybatis\3.2.1\mybatis-3.2.1.jar;D:\Java\.m2\repository\org\mybatis\mybatis-spring\1.1.1\mybatis-spring-1.1.1.jar;D:\Java\.m2\repository\org\aspectj\aspectjrt\1.6.11\aspectjrt-1.6.11.jar;D:\Java\.m2\repository\org\aspectj\aspectjweaver\1.6.9\aspectjweaver-1.6.9.jar;D:\Java\.m2\repository\commons-jexl\commons-jexl\1.1\commons-jexl-1.1.jar;D:\Java\.m2\repository\cglib\cglib-nodep\2.1_3\cglib-nodep-2.1_3.jar;D:\Java\.m2\repository\org\springframework\spring-aspects\3.1.0.RELEASE\spring-aspects-3.1.0.RELEASE.jar;D:\Java\.m2\repository\org\springframework\spring-beans\3.1.0.RELEASE\spring-beans-3.1.0.RELEASE.jar;D:\Java\.m2\repository\org\springframework\spring-context-support\3.1.0.RELEASE\spring-context-support-3.1.0.RELEASE.jar;D:\Java\.m2\repository\org\springframework\spring-web\3.1.0.RELEASE\spring-web-3.1.0.RELEASE.jar;D:\Java\.m2\repository\aopalliance\aopalliance\1.0\aopalliance-1.0.jar;D:\Java\.m2\repository\org\springframework\spring-webmvc\3.1.0.RELEASE\spring-webmvc-3.1.0.RELEASE.jar;D:\Java\.m2\repository\org\springframework\spring-asm\3.1.0.RELEASE\spring-asm-3.1.0.RELEASE.jar;D:\Java\.m2\repository\org\springframework\spring-expression\3.1.0.RELEASE\spring-expression-3.1.0.RELEASE.jar;D:\Java\.m2\repository\org\springframework\spring-test\3.1.0.RELEASE\spring-test-3.1.0.RELEASE.jar;D:\Java\.m2\repository\junit\junit\4.5\junit-4.5.jar;D:\Java\.m2\repository\jstl\jstl\1.2\jstl-1.2.jar;D:\Java\.m2\repository\org\apache\commons\commons-lang3\3.1\commons-lang3-3.1.jar;D:\Java\.m2\repository\javassist\javassist\3.8.0.GA\javassist-3.8.0.GA.jar;D:\Java\.m2\repository\javax\servlet\servlet-api\2.4\servlet-api-2.4.jar;D:\Java\.m2\repository\javax\servlet\jsp-api\2.0\jsp-api-2.0.jar;D:\Java\.m2\repository\org\apache\cxf\cxf-rt-frontend-jaxws\2.2.4\cxf-rt-frontend-jaxws-2.2.4.jar;D:\Java\.m2\repository\xml-resolver\xml-resolver\1.2\xml-resolver-1.2.jar;D:\Java\.m2\repository\org\apache\geronimo\specs\geronimo-jaxws_2.1_spec\1.0\geronimo-jaxws_2.1_spec-1.0.jar;D:\Java\.m2\repository\org\apache\geronimo\specs\geronimo-ws-metadata_2.0_spec\1.1.2\geronimo-ws-metadata_2.0_spec-1.1.2.jar;D:\Java\.m2\repository\asm\asm\2.2.3\asm-2.2.3.jar;D:\Java\.m2\repository\org\apache\cxf\cxf-api\2.2.4\cxf-api-2.2.4.jar;D:\Java\.m2\repository\org\codehaus\woodstox\wstx-asl\3.2.8\wstx-asl-3.2.8.jar;D:\Java\.m2\repository\org\apache\neethi\neethi\2.0.4\neethi-2.0.4.jar;D:\Java\.m2\repository\org\apache\cxf\cxf-common-schemas\2.2.4\cxf-common-schemas-2.2.4.jar;D:\Java\.m2\repository\org\apache\cxf\cxf-rt-core\2.2.4\cxf-rt-core-2.2.4.jar;D:\Java\.m2\repository\com\sun\xml\bind\jaxb-impl\2.1.12\jaxb-impl-2.1.12.jar;D:\Java\.m2\repository\org\apache\geronimo\specs\geronimo-javamail_1.4_spec\1.6\geronimo-javamail_1.4_spec-1.6.jar;D:\Java\.m2\repository\org\apache\cxf\cxf-rt-bindings-soap\2.2.4\cxf-rt-bindings-soap-2.2.4.jar;D:\Java\.m2\repository\org\apache\cxf\cxf-tools-common\2.2.4\cxf-tools-common-2.2.4.jar;D:\Java\.m2\repository\org\apache\cxf\cxf-rt-databinding-jaxb\2.2.4\cxf-rt-databinding-jaxb-2.2.4.jar;D:\Java\.m2\repository\org\apache\cxf\cxf-rt-bindings-xml\2.2.4\cxf-rt-bindings-xml-2.2.4.jar;D:\Java\.m2\repository\org\apache\cxf\cxf-rt-frontend-simple\2.2.4\cxf-rt-frontend-simple-2.2.4.jar;D:\Java\.m2\repository\javax\xml\soap\saaj-api\1.3\saaj-api-1.3.jar;D:\Java\.m2\repository\com\sun\xml\messaging\saaj\saaj-impl\1.3.2\saaj-impl-1.3.2.jar;D:\Java\.m2\repository\org\apache\cxf\cxf-rt-transports-http\2.2.4\cxf-rt-transports-http-2.2.4.jar;D:\Java\.m2\repository\org\apache\cxf\cxf-rt-ws-rm\2.2.4\cxf-rt-ws-rm-2.2.4.jar;D:\Java\.m2\repository\org\apache\cxf\cxf-rt-ws-security\2.2.4\cxf-rt-ws-security-2.2.4.jar;D:\Java\.m2\repository\org\apache\ws\security\wss4j\1.5.8\wss4j-1.5.8.jar;D:\Java\.m2\repository\org\apache\santuario\xmlsec\1.4.3\xmlsec-1.4.3.jar;D:\Java\.m2\repository\commons-logging\commons-logging\1.1.1\commons-logging-1.1.1.jar;D:\Java\.m2\repository\xalan\xalan\2.7.1\xalan-2.7.1.jar;D:\Java\.m2\repository\xalan\serializer\2.7.1\serializer-2.7.1.jar;D:\Java\.m2\repository\org\bouncycastle\bcprov-jdk15\1.43\bcprov-jdk15-1.43.jar;D:\Java\.m2\repository\org\apache\cxf\cxf-rt-ws-addr\2.2.4\cxf-rt-ws-addr-2.2.4.jar;D:\Java\.m2\repository\org\apache\geronimo\specs\geronimo-activation_1.1_spec\1.0.2\geronimo-activation_1.1_spec-1.0.2.jar;D:\Java\.m2\repository\org\apache\cxf\cxf-rt-ws-policy\2.2.4\cxf-rt-ws-policy-2.2.4.jar;D:\Java\.m2\repository\org\apache\geronimo\specs\geronimo-annotation_1.0_spec\1.1.1\geronimo-annotation_1.0_spec-1.1.1.jar;D:\Java\.m2\repository\org\apache\cxf\cxf-common-utilities\2.2.4\cxf-common-utilities-2.2.4.jar;D:\Java\.m2\repository\javax\xml\bind\jaxb-api\2.1\jaxb-api-2.1.jar;D:\Java\.m2\repository\org\apache\geronimo\specs\geronimo-stax-api_1.0_spec\1.0.1\geronimo-stax-api_1.0_spec-1.0.1.jar;D:\Java\.m2\repository\wsdl4j\wsdl4j\1.6.2\wsdl4j-1.6.2.jar;D:\Java\.m2\repository\org\apache\ws\commons\schema\XmlSchema\1.4.5\XmlSchema-1.4.5.jar;D:\Java\.m2\repository\commons-fileupload\commons-fileupload\1.3.1\commons-fileupload-1.3.1.jar;D:\Java\.m2\repository\commons-io\commons-io\2.2\commons-io-2.2.jar;D:\Java\.m2\repository\org\apache\velocity\velocity-tools\2.0\velocity-tools-2.0.jar;D:\Java\.m2\repository\commons-digester\commons-digester\1.8\commons-digester-1.8.jar;D:\Java\.m2\repository\commons-chain\commons-chain\1.1\commons-chain-1.1.jar;D:\Java\.m2\repository\commons-collections\commons-collections\3.2\commons-collections-3.2.jar;D:\Java\.m2\repository\commons-validator\commons-validator\1.3.1\commons-validator-1.3.1.jar;D:\Java\.m2\repository\dom4j\dom4j\1.1\dom4j-1.1.jar;D:\Java\.m2\repository\oro\oro\2.0.8\oro-2.0.8.jar;D:\Java\.m2\repository\sslext\sslext\1.2-0\sslext-1.2-0.jar;D:\Java\.m2\repository\org\apache\struts\struts-core\1.3.8\struts-core-1.3.8.jar;D:\Java\.m2\repository\antlr\antlr\2.7.2\antlr-2.7.2.jar;D:\Java\.m2\repository\org\apache\struts\struts-taglib\1.3.8\struts-taglib-1.3.8.jar;D:\Java\.m2\repository\org\apache\struts\struts-tiles\1.3.8\struts-tiles-1.3.8.jar;D:\Java\.m2\repository\org\apache\velocity\velocity\1.7\velocity-1.7.jar;D:\Java\.m2\repository\org\apache\shiro\shiro-core\1.2.2\shiro-core-1.2.2.jar;D:\Java\.m2\repository\org\slf4j\slf4j-api\1.6.4\slf4j-api-1.6.4.jar;D:\Java\.m2\repository\org\apache\shiro\shiro-web\1.2.2\shiro-web-1.2.2.jar;D:\Java\.m2\repository\org\apache\shiro\shiro-aspectj\1.2.2\shiro-aspectj-1.2.2.jar;D:\Java\.m2\repository\org\apache\shiro\shiro-cas\1.2.2\shiro-cas-1.2.2.jar;D:\Java\.m2\repository\org\jasig\cas\client\cas-client-core\3.2.1\cas-client-core-3.2.1.jar;D:\Java\.m2\repository\org\apache\shiro\shiro-guice\1.2.2\shiro-guice-1.2.2.jar;D:\Java\.m2\repository\com\google\guava\guava\r09\guava-r09.jar;D:\Java\.m2\repository\com\google\inject\guice\3.0\guice-3.0.jar;D:\Java\.m2\repository\javax\inject\javax.inject\1\javax.inject-1.jar;D:\Java\.m2\repository\com\google\inject\extensions\guice-multibindings\3.0\guice-multibindings-3.0.jar;D:\Java\.m2\repository\org\apache\shiro\shiro-spring\1.2.2\shiro-spring-1.2.2.jar;D:\Java\.m2\repository\log4j\log4j\1.2.17\log4j-1.2.17.jar;"/>
    <property name="java.vm.specification.version" value="1.7"/>
    <property name="sun.arch.data.model" value="64"/>
    <property name="java.home" value="D:\Java\jdk1.7.0_51\jre"/>
    <property name="sun.java.command" value="C:\Users\LIJIAN~1\AppData\Local\Temp\surefirebooter3276158158097278526.jar C:\Users\LIJIAN~1\AppData\Local\Temp\surefire5138013262822088884tmp C:\Users\LIJIAN~1\AppData\Local\Temp\surefire3547714864457951078tmp"/>
    <property name="java.specification.vendor" value="Oracle Corporation"/>
    <property name="user.language" value="zh"/>
    <property name="awt.toolkit" value="sun.awt.windows.WToolkit"/>
    <property name="java.vm.info" value="mixed mode"/>
    <property name="java.version" value="1.7.0_51"/>
    <property name="java.ext.dirs" value="D:\Java\jdk1.7.0_51\jre\lib\ext;C:\Windows\Sun\Java\lib\ext"/>
    <property name="sun.boot.class.path" value="D:\Java\jdk1.7.0_51\jre\lib\resources.jar;D:\Java\jdk1.7.0_51\jre\lib\rt.jar;D:\Java\jdk1.7.0_51\jre\lib\sunrsasign.jar;D:\Java\jdk1.7.0_51\jre\lib\jsse.jar;D:\Java\jdk1.7.0_51\jre\lib\jce.jar;D:\Java\jdk1.7.0_51\jre\lib\charsets.jar;D:\Java\jdk1.7.0_51\jre\lib\jfr.jar;D:\Java\jdk1.7.0_51\jre\classes"/>
    <property name="java.vendor" value="Oracle Corporation"/>
    <property name="localRepository" value="D:\Java\.m2\repository"/>
    <property name="file.separator" value="\"/>
    <property name="java.vendor.url.bug" value="http://bugreport.sun.com/bugreport/"/>
    <property name="sun.cpu.endian" value="little"/>
    <property name="sun.io.unicode.encoding" value="UnicodeLittle"/>
    <property name="sun.desktop" value="windows"/>
    <property name="sun.cpu.isalist" value="amd64"/>
  </properties>
  <testcase time="0.84" classname="com.letv.ci.test.DataWebServiceTestCase" name="testBlankSpace"/>
  <testcase time="0.001" classname="com.letv.ci.test.DataWebServiceTestCase" name="testStrWithBlank"/>
  <testcase time="0.001" classname="com.letv.ci.test.DataWebServiceTestCase" name="testNull"/>
  <testcase time="0" classname="com.letv.ci.test.DataWebServiceTestCase" name="testBlank"/>
  <testcase time="0" classname="com.letv.ci.test.DataWebServiceTestCase" name="testStr"/>
</testsuite>